4034
23 27 23 34
32 27 32 34
24 36 24 43
22 42 22 49
45 24 45 31
21 78 21 85
1 84 1 91
53 72 53 79
41 88 41 95
38 90 38 97
100 3 101 6
70 85 70 92
110 25 111 28
62 104 62 111
21 122 21 129
84 96 84 103
56 116 56 123
22 128 22 135
51 121 51 128
46 143 46 150
109 108 109 115
41 149 41 156
118 118 118 125
117 143 117 150
78 175 78 182
16 191 16 198
11 193 11 200
161 110 161 117
9 197 9 204
150 138 150 145
49 199 49 206
199 51 199 58
176 106 176 113
144 153 144 160
171 137 171 144
61 214 61 221
40 219 40 226
157 163 157 170
103 210 103 217
137 193 137 200
75 227 75 234
13 242 13 249
173 173 173 180
182 176 182 183
103 242 103 249
124 234 124 241
177 198 177 205
157 219 157 226
130 242 130 249
159 225 159 232
143 246 144 249
162 242 162 249
195 230 195 237
193 246 194 249
198 242 198 249
13 25 13 33
23 18 23 26
6 31 6 39
34 0 36 2
30 24 32 26
7 58 7 66
3 61 3 69
39 60 41 62
11 71 11 79
57 62 57 70
71 49 71 57
24 92 24 100
82 66 82 74
107 13 109 15
111 7 113 9
108 33 110 35
114 7 116 9
131 12 133 14
131 15 133 17
81 114 81 122
96 103 96 111
16 144 16 152
140 48 142 50
35 151 35 159
150 42 150 50
32 154 32 162
143 75 143 83
36 159 36 167
103 129 103 137
115 124 115 132
170 37 172 39
149 97 149 105
102 159 102 167
40 186 40 194
194 37 196 39
178 91 178 99
128 169 128 177
39 211 39 219
70 207 70 215
6 223 8 225
38 223 38 231
126 188 126 196
143 177 143 185
34 226 36 228
146 176 146 184
151 176 153 178
89 223 89 231
0 241 0 249
36 241 36 249
119 214 119 222
41 247 43 249
120 223 120 231
115 229 115 237
162 205 162 213
105 241 105 249
143 222 143 230
164 241 164 249
171 241 171 249
178 241 178 249
189 241 189 249
11 25 11 34
9 55 9 64
31 109 31 118
41 114 41 123
94 120 94 129
59 148 59 157
23 158 23 167
106 145 106 154
169 61 169 70
89 159 89 168
6 201 6 210
117 175 117 184
151 147 151 156
57 203 57 212
42 211 42 220
24 218 24 227
118 186 118 195
63 220 63 229
4 230 4 239
113 204 113 213
189 141 189 150
4 240 4 249
142 201 142 210
195 160 195 169
78 245 79 249
100 240 100 249
112 240 112 249
116 249 125 249
126 245 127 249
184 240 184 249
197 240 197 249
4 25 4 35
19 48 19 58
8 98 8 108
23 104 23 114
58 110 58 120
24 133 24 143
39 141 39 151
138 92 138 102
15 180 15 190
96 184 96 194
15 239 15 249
19 239 19 249
177 163 177 173
40 239 40 249
107 239 107 249
188 199 188 209
187 239 187 249
0 0 0 11
1 0 1 11
2 0 13 0
3 1 3 12
2 3 2 14
4 1 4 12
5 1 5 12
6 1 6 12
7 1 7 12
8 1 8 12
9 1 9 12
10 1 11 6
0 12 0 23
12 1 12 12
1 12 1 23
10 7 10 18
11 7 11 18
13 1 13 12
3 13 3 24
4 13 4 24
5 13 6 18
14 0 14 11
7 13 7 24
15 0 15 11
2 15 2 26
8 13 9 18
16 0 16 11
17 0 17 11
12 13 12 24
18 0 18 11
13 13 13 24
14 12 14 23
19 0 19 11
15 12 15 23
5 19 5 30
6 19 6 30
20 0 20 11
16 12 16 23
8 19 8 30
17 12 17 23
21 0 21 11
9 19 9 30
10 19 11 24
18 12 18 23
22 0 22 11
19 12 19 23
23 0 23 11
20 12 20 23
0 24 0 35
24 0 24 11
1 24 1 35
21 12 21 23
25 0 25 11
22 12 23 17
3 25 3 36
7 25 7 36
26 0 26 11
24 12 24 23
10 25 10 36
27 0 27 11
2 27 2 38
25 12 25 23
12 25 12 36
14 24 14 35
28 0 28 11
15 24 15 35
22 18 22 29
26 12 26 23
16 24 17 29
29 0 29 11
27 12 27 23
18 24 18 35
30 0 30 11
28 12 28 23
19 24 19 35
31 0 31 11
20 24 20 35
29 12 29 23
5 31 5 42
21 24 21 35
32 0 32 11
8 31 8 42
9 31 9 42
30 12 30 23
33 0 33 11
31 12 31 23
24 24 24 35
16 30 16 41
32 12 32 23
34 5 35 10
17 30 17 41
25 24 26 29
33 12 33 23
34 11 35 16
0 36 0 47
1 36 1 47
27 24 28 29
36 3 36 14
4 36 4 47
13 34 13 45
11 35 11 46
37 0 37 11
3 37 3 48
22 30 22 41
29 24 29 35
38 0 38 11
10 37 10 48
14 36 15 41
37 12 37 23
35 17 35 28
36 15 36 26
39 0 40 5
25 30 25 41
2 39 2 50
34 20 34 31
39 6 39 17
26 30 26 41
38 12 38 23
18 36 18 47
30 27 30 38
6 40 7 45
40 6 40 17
19 36 19 47
41 0 41 11
28 30 28 41
20 36 21 41
33 25 33 36
12 40 12 51
23 35 23 46
42 0 42 11
27 33 27 44
41 12 41 23
39 18 39 29
43 0 43 11
31 30 31 41
42 12 43 17
8 43 8 54
9 43 9 54
44 0 44 11
37 24 37 35
14 42 14 53
15 42 16 47
38 24 38 35
45 0 45 11
36 27 36 38
17 42 17 53
44 12 44 23
42 18 42 29
46 2 46 13
35 30 35 41
29 36 29 47
6 46 6 57
20 42 20 53
7 46 7 57
45 12 45 23
40 24 40 35
34 32 34 43
21 42 21 53
47 0 47 11
5 47 5 58
32 35 32 46
41 24 41 35
13 46 13 57
0 48 0 59
48 0 59 0
48 1 49 6
1 48 1 59
46 14 46 25
4 48 4 59
11 47 11 58
43 22 43 33
48 7 49 12
47 12 47 23
25 42 25 53
3 49 3 60
30 39 30 50
26 42 26 53
33 37 33 48
48 13 48 24
39 31 39 42
10 49 10 60
50 3 50 14
44 24 44 35
24 44 24 55
15 48 15 59
28 42 28 53
16 48 16 59
49 13 49 24
51 1 51 12
2 51 2 62
18 48 18 59
42 30 42 41
37 36 37 47
52 1 52 12
50 15 50 26
23 47 23 58
38 36 38 47
27 45 27 56
51 13 51 24
47 24 47 35
46 26 46 37
53 1 53 12
52 13 52 24
40 36 40 47
54 1 54 12
48 25 48 36
12 53 12 64
41 36 41 47
53 13 53 24
22 50 22 61
35 42 35 53
49 25 49 36
55 1 55 12
45 32 45 43
36 42 36 53
43 35 43 46
54 13 54 24
8 55 8 66
34 44 34 55
14 54 14 65
56 1 56 12
55 13 56 18
51 25 51 36
50 27 50 38
44 36 44 47
32 47 32 58
57 1 57 12
17 55 17 66
20 54 20 65
52 25 52 36
21 54 21 65
31 49 31 60
58 1 59 6
39 43 39 54
55 19 55 30
6 58 6 69
57 13 57 24
58 8 58 19
53 25 53 36
33 49 33 60
30 51 30 62
47 36 47 47
5 59 5 70
42 42 42 53
59 7 59 18
13 58 13 69
54 25 54 36
46 38 46 49
26 54 26 65
0 60 0 71
60 0 71 0
1 60 1 71
60 1 61 6
11 59 11 70
4 60 4 71
60 7 60 18
29 53 29 64
37 48 38 53
48 37 48 48
28 54 28 65
24 56 24 67
58 20 59 25
61 7 61 18
49 37 49 48
56 26 57 31
10 61 10 72
15 60 15 71
19 59 19 70
62 1 62 12
16 60 16 71
40 48 40 59
18 60 18 71
45 44 45 55
60 19 60 30
51 37 51 48
2 63 2 74
63 3 63 14
27 57 27 68
41 48 41 59
55 31 55 42
23 59 23 70
62 13 62 24
50 39 50 50
58 26 58 37
43 47 43 58
52 37 54 40
61 19 61 30
64 1 64 12
35 54 35 65
59 26 59 37
56 32 56 43
36 54 36 65
25 60 25 71
63 16 63 27
65 1 65 12
44 48 44 59
64 13 64 24
57 32 57 43
37 54 38 59
34 56 34 67
9 65 9 76
22 62 22 73
66 1 66 12
12 65 12 76
52 41 52 52
65 13 68 15
62 25 62 36
53 41 53 52
67 1 67 12
32 59 32 70
47 48 47 59
65 17 67 20
7 67 8 72
14 66 14 77
60 31 60 42
54 41 54 52
68 1 68 12
65 21 65 32
42 54 42 65
31 61 31 72
61 31 61 42
48 49 48 60
63 28 63 39
20 66 20 77
69 1 69 12
17 67 17 78
66 21 66 32
21 66 21 77
58 38 58 49
33 61 33 72
46 52 46 63
64 27 64 38
30 63 30 74
68 16 68 27
70 1 70 12
49 50 49 61
3 70 3 81
59 38 59 49
69 13 69 24
67 21 67 32
6 70 6 81
55 44 55 55
37 60 37 71
26 66 26 77
71 1 71 12
38 60 38 71
5 71 5 82
70 13 70 24
13 70 13 81
56 44 56 55
50 51 51 56
28 66 28 77
45 56 45 67
0 72 0 83
72 0 72 11
1 72 1 83
57 44 57 55
29 66 29 77
4 72 4 83
24 68 24 79
71 13 71 24
62 37 62 48
65 33 65 44
72 12 72 23
73 0 73 11
7 73 7 84
69 25 69 36
19 71 19 82
15 72 15 83
10 73 10 84
16 72 16 83
66 33 66 44
60 43 60 54
73 12 73 23
74 0 74 11
39 63 39 74
18 72 18 83
52 53 52 64
70 25 70 36
44 60 44 71
8 74 8 85
40 63 40 74
63 40 63 51
61 43 61 54
67 33 67 44
64 39 64 50
74 12 74 23
75 0 75 11
2 75 2 86
36 66 36 77
71 25 71 36
35 67 35 78
53 54 54 59
50 57 50 68
72 24 72 35
75 12 75 23
76 0 76 11
41 64 41 75
34 68 34 79
25 72 25 83
47 60 47 71
58 50 59 55
73 24 73 35
76 12 76 23
77 0 77 11
22 74 23 79
68 37 68 48
9 77 9 88
74 24 74 35
77 12 77 23
78 0 78 11
42 66 43 71
69 37 69 48
48 62 48 73
55 56 55 67
75 24 75 35
27 74 27 85
46 64 46 75
78 12 78 23
12 78 12 89
79 0 79 11
62 49 62 60
65 45 65 56
70 37 70 48
56 56 57 61
14 78 14 89
31 73 31 84
51 61 51 72
76 24 77 29
32 73 32 84
66 45 67 50
79 12 79 23
80 0 80 11
53 60 53 71
71 37 71 48
33 73 33 84
72 36 73 41
20 78 20 89
58 56 58 67
11 80 11 91
30 75 30 86
80 12 80 23
37 72 37 83
81 0 81 11
59 56 59 67
60 55 61 60
49 65 49 76
38 72 38 83
45 68 45 79
78 24 78 35
63 52 63 63
76 30 76 41
64 51 64 62
81 12 81 23
82 0 82 11
3 82 3 93
26 78 26 89
54 62 54 73
74 36 74 47
79 24 79 35
77 30 77 41
17 81 17 92
82 12 82 23
22 80 22 91
83 0 83 11
13 82 13 93
29 78 29 89
23 80 23 91
72 42 72 53
42 72 42 83
66 51 66 62
80 24 80 35
24 80 24 91
56 62 56 73
75 37 75 48
68 49 68 60
83 12 83 23
43 72 43 83
84 0 84 11
0 84 0 95
4 84 4 95
5 84 6 89
67 51 67 62
73 42 73 53
44 72 44 83
81 24 81 35
39 75 39 86
69 49 69 60
84 12 84 23
40 75 40 86
85 0 86 5
19 83 19 94
50 69 50 80
7 85 7 96
15 84 15 95
85 8 85 19
82 24 82 35
70 49 70 60
16 84 16 95
60 61 60 72
10 85 10 96
18 84 18 95
78 36 78 47
47 72 47 83
86 6 86 17
61 61 61 72
41 76 41 87
8 86 8 97
83 24 83 35
35 79 35 90
65 57 65 68
79 36 79 47
76 42 77 47
34 80 34 91
62 61 62 72
87 0 87 11
2 87 2 98
52 70 52 81
85 20 87 23
84 24 85 29
55 68 55 79
25 84 25 95
80 36 80 47
88 0 88 11
74 48 74 59
48 74 48 85
21 86 21 97
81 36 81 47
36 81 36 92
88 12 88 23
46 76 46 87
89 0 89 11
51 73 51 84
86 24 86 35
58 68 58 79
9 89 9 100
82 36 82 47
75 49 75 60
76 48 78 51
90 0 90 11
72 54 72 65
59 68 59 79
5 90 5 101
85 30 85 41
27 86 27 97
6 90 6 101
87 24 87 35
89 16 89 27
83 36 83 47
31 85 31 96
12 90 12 101
73 54 73 65
32 85 33 90
91 0 91 11
57 71 57 82
14 90 14 101
66 63 66 74
90 15 90 26
63 66 63 77
49 77 49 88
68 61 68 72
84 36 84 47
28 87 28 98
54 74 54 85
71 58 71 69
88 26 88 37
91 12 91 23
37 84 38 89
64 66 64 77
67 63 67 74
92 0 92 11
1 92 1 103
30 87 30 98
76 52 76 63
69 61 69 72
79 48 79 59
11 92 11 103
92 12 92 23
56 74 56 85
70 61 70 72
77 52 77 63
93 0 93 11
20 91 20 102
86 36 86 47
80 48 80 59
89 28 90 33
45 82 45 93
26 90 26 101
78 52 78 63
93 12 93 23
42 84 42 95
94 0 94 11
3 94 3 105
91 24 91 35
81 48 82 53
87 36 87 47
43 84 44 89
60 73 60 84
17 93 17 104
29 90 29 101
22 92 22 103
94 12 94 23
65 69 65 80
85 42 85 53
23 92 23 103
13 94 13 105
95 0 95 11
92 24 92 35
50 81 50 92
74 60 74 71
39 87 39 98
89 35 89 46
95 12 95 23
40 87 40 98
88 38 88 49
83 48 83 59
61 74 62 79
53 80 53 91
0 96 0 107
96 0 96 11
93 24 93 35
90 34 90 45
47 84 47 95
32 91 32 102
84 48 84 59
96 12 96 23
19 95 19 106
94 24 95 29
97 3 99 6
52 82 52 93
15 96 15 107
97 7 97 18
7 97 7 108
37 90 37 101
16 96 16 107
81 54 81 65
35 91 35 102
10 97 10 108
18 96 18 107
72 66 72 77
33 92 34 97
91 36 91 47
75 63 75 74
98 0 101 2
4 98 4 109
82 54 82 65
98 7 98 18
73 66 73 77
48 86 48 97
86 48 86 59
94 30 94 41
92 36 92 47
58 80 58 91
97 19 98 24
96 24 96 35
2 99 2 110
51 85 51 96
79 60 79 71
25 96 25 107
99 7 100 12
46 88 46 99
76 64 76 75
87 48 87 59
59 80 59 91
95 30 95 41
71 70 71 81
36 93 36 104
93 36 93 47
43 90 43 101
68 73 68 84
99 13 99 24
66 75 66 86
77 64 77 75
97 25 97 36
44 90 44 101
21 98 21 109
63 78 64 83
55 84 55 95
69 73 69 84
67 75 67 86
61 80 62 85
89 47 89 58
57 83 57 94
85 54 85 65
100 13 100 24
78 64 78 75
90 46 90 57
70 73 70 84
98 25 98 36
101 7 101 18
9 101 9 112
54 86 54 97
49 89 49 100
88 51 88 62
31 97 31 108
102 0 102 11
99 25 99 36
5 102 5 113
83 60 83 71
80 64 80 75
56 86 56 97
12 102 12 113
102 12 102 23
101 19 101 30
96 37 96 48
28 99 28 110
91 48 91 59
14 102 14 113
94 42 94 53
103 0 103 11
100 25 100 36
74 72 74 83
33 98 33 109
30 99 30 110
27 100 27 111
103 12 103 23
92 48 93 53
24 101 24 112
97 37 97 48
65 81 65 92
95 42 95 53
104 0 107 2
1 104 1 115
60 85 60 96
104 4 105 9
45 94 45 105
41 96 41 107
104 10 104 21
81 66 81 77
98 37 98 48
42 96 42 107
86 60 87 65
20 103 20 114
63 84 63 95
38 98 38 109
6 105 6 116
26 102 26 113
61 86 61 97
105 10 105 21
102 27 102 38
50 93 50 104
84 64 84 75
101 31 101 42
99 37 99 48
103 24 103 35
62 86 62 97
3 106 3 117
106 3 107 8
29 102 29 113
75 75 75 86
72 78 72 89
53 92 53 103
104 22 104 33
22 104 22 115
106 9 108 12
64 85 64 96
39 99 40 104
11 106 11 117
100 37 100 48
92 54 92 65
106 13 106 24
13 106 13 117
47 96 47 107
90 58 90 69
105 22 105 33
89 60 89 71
52 94 52 105
76 76 76 87
93 54 94 59
85 66 85 77
96 49 96 60
32 103 32 114
108 0 119 0
0 108 0 119
108 1 109 6
77 76 77 87
107 16 107 27
88 63 88 74
79 74 79 85
73 80 73 91
86 66 87 71
34 103 34 114
71 82 71 93
97 49 97 60
58 92 58 103
35 103 35 114
78 76 78 87
106 25 106 36
91 60 91 71
15 108 15 119
103 36 103 47
48 98 48 109
16 108 16 119
108 16 108 27
66 87 67 92
102 39 102 50
7 109 7 120
109 7 110 12
95 54 95 65
8 109 8 120
59 92 59 103
104 34 104 45
69 85 69 96
18 108 18 119
98 49 99 54
51 97 51 108
68 86 68 97
83 72 83 83
110 1 111 6
4 110 4 121
101 44 101 55
109 16 109 27
80 76 80 87
105 34 105 45
10 110 10 121
107 28 107 39
55 96 55 107
93 60 93 71
43 102 43 113
110 13 110 24
57 95 57 106
25 108 25 119
36 105 37 110
2 111 2 122
44 102 44 113
82 75 82 86
100 49 100 60
94 60 94 71
111 11 111 22
108 29 110 32
54 98 54 109
74 84 74 95
21 110 21 121
112 1 113 6
39 105 39 116
86 72 86 83
49 101 49 112
106 37 106 48
98 55 98 66
112 10 112 21
81 78 81 89
56 98 56 109
87 72 87 83
92 66 92 77
99 55 99 66
9 113 9 124
65 93 65 104
113 11 114 16
103 48 103 59
104 46 104 57
108 36 108 47
114 1 115 6
90 70 90 81
66 93 67 98
102 51 102 62
5 114 5 125
112 22 112 33
107 40 107 51
113 17 113 28
89 72 89 83
19 113 19 124
97 61 97 72
84 78 85 83
12 114 12 125
105 46 105 57
109 36 109 47
63 96 63 107
14 114 14 125
30 111 30 122
45 106 45 117
40 108 41 113
27 112 27 123
111 31 111 42
72 90 72 101
114 17 114 28
115 10 115 21
61 98 62 103
101 56 101 67
75 88 77 91
88 75 88 86
95 66 95 77
110 36 110 47
60 99 60 110
33 111 33 122
42 108 42 119
116 1 119 3
1 116 1 127
91 72 91 83
64 97 64 108
17 115 17 126
70 93 70 104
116 10 116 21
46 107 46 118
113 29 113 40
36 111 36 122
53 104 53 115
79 86 79 97
106 49 106 60
26 114 26 125
37 111 37 122
112 34 112 45
96 67 96 78
117 4 117 15
115 22 115 33
100 61 100 72
6 117 6 128
23 115 24 120
38 111 38 122
28 114 29 119
78 88 78 99
93 72 94 77
114 29 114 40
47 108 47 119
71 94 71 105
3 118 3 129
22 116 22 127
118 4 118 15
83 84 83 95
117 16 117 27
108 48 108 59
73 93 73 104
116 25 116 36
75 92 76 97
13 118 13 129
98 67 98 78
84 84 84 95
80 88 80 99
107 52 107 63
66 99 66 110
111 43 111 54
119 4 119 15
58 104 59 109
118 16 118 27
104 58 105 63
109 48 109 59
103 60 103 71
68 98 68 109
11 119 11 130
99 67 99 78
67 99 67 110
82 87 82 98
69 98 69 109
34 115 34 126
50 109 50 120
115 34 115 45
77 92 77 103
0 120 0 131
120 0 120 11
110 48 110 59
119 16 119 27
35 115 35 126
86 84 86 95
117 28 118 33
51 109 51 120
61 104 61 115
120 12 120 23
92 78 92 89
40 114 40 125
85 86 85 97
15 120 15 131
87 84 87 95
121 0 121 11
16 120 16 131
112 46 112 57
81 90 81 101
114 41 114 52
7 121 7 132
74 96 74 107
57 107 57 118
8 121 8 132
113 44 113 55
93 78 94 83
97 73 97 84
121 12 121 23
52 110 52 121
90 82 90 93
101 68 101 79
116 37 116 48
117 34 117 45
122 0 127 1
122 2 125 4
102 67 102 78
4 122 4 133
122 5 122 16
104 64 105 69
44 114 44 125
119 28 119 39
32 118 32 129
106 61 106 72
18 121 18 132
120 24 120 35
89 84 89 95
10 122 10 133
54 110 54 121
25 120 25 131
118 34 118 45
95 78 95 89
31 119 31 130
55 110 56 115
2 123 2 134
123 5 123 16
49 113 49 124
122 17 123 22
39 117 39 128
24 121 24 132
121 24 123 27
75 98 75 109
29 120 29 131
65 105 65 116
108 60 108 71
88 87 88 98
100 73 100 84
115 46 115 57
111 55 111 66
76 98 76 109
124 5 124 16
23 122 23 133
96 79 96 90
109 60 109 71
121 29 121 40
91 85 91 96
48 115 48 126
20 123 20 134
107 64 107 75
59 110 59 121
72 102 72 113
63 108 63 119
125 5 125 16
124 17 125 22
122 28 122 39
120 36 120 47
93 84 93 95
9 125 9 136
104 70 104 81
119 40 119 51
43 118 43 129
103 72 103 83
114 53 114 64
117 46 117 57
79 98 79 109
98 79 98 90
116 49 116 60
126 2 126 13
94 84 94 95
5 126 5 137
124 23 124 34
113 56 113 67
112 58 112 69
70 105 70 116
45 118 45 129
123 29 123 40
64 109 64 120
19 125 19 136
12 126 12 137
30 123 30 134
118 46 118 57
99 79 99 90
110 63 110 74
14 126 14 137
126 14 126 25
78 100 78 111
83 96 83 107
27 124 27 135
127 2 127 13
125 23 125 34
42 120 42 131
33 123 33 134
53 116 53 127
46 119 46 130
71 106 71 117
121 41 121 52
127 14 127 25
73 105 73 116
105 73 105 84
128 0 128 11
1 128 1 139
62 112 62 123
80 100 80 111
17 127 17 138
36 123 36 134
55 116 55 127
37 123 37 134
82 99 82 110
128 12 128 23
26 126 26 137
126 26 127 31
92 90 92 101
106 73 106 84
122 41 122 52
38 123 38 134
115 58 115 69
124 35 124 46
101 80 101 91
47 120 47 131
86 96 86 107
129 1 129 12
102 79 102 90
6 129 6 140
66 111 66 122
120 48 120 59
68 110 68 121
77 104 77 115
87 96 87 107
67 111 67 122
129 13 130 18
111 67 111 78
123 41 123 52
108 72 108 83
125 35 125 46
119 52 119 63
130 0 130 11
126 32 126 43
3 130 3 141
90 94 90 105
128 24 128 35
81 102 81 113
129 19 129 30
117 58 117 69
41 124 41 135
109 72 109 83
13 130 13 141
95 90 95 101
89 96 89 107
74 108 74 119
50 121 50 132
127 32 127 43
97 88 97 99
131 0 131 11
61 116 61 127
116 61 116 72
114 65 114 76
85 100 85 111
100 85 100 96
107 76 107 87
11 131 11 142
34 127 34 138
118 58 118 69
130 20 131 25
21 130 21 141
35 127 35 138
113 68 113 79
57 119 57 130
0 132 0 143
132 0 132 11
112 70 112 81
121 53 121 64
40 126 40 137
96 91 96 102
60 118 60 129
104 82 104 93
88 99 88 110
130 26 130 37
124 47 124 58
52 122 52 133
129 31 129 42
15 132 15 143
103 84 103 95
16 132 16 143
128 36 128 47
133 0 134 5
91 97 91 108
122 53 122 64
75 110 75 121
133 6 134 11
7 133 7 144
132 18 134 21
8 133 8 144
69 114 69 125
54 122 54 133
44 126 44 137
125 47 126 52
131 26 131 37
93 96 93 107
84 104 84 115
76 110 76 121
98 91 99 96
132 22 132 33
65 117 65 128
32 130 32 141
123 53 123 64
4 134 4 145
120 60 120 71
58 121 58 132
18 133 18 144
49 125 49 136
25 132 25 143
94 96 94 107
10 134 10 145
127 44 127 55
134 12 135 17
31 131 31 142
39 129 39 140
133 22 133 33
72 114 72 125
110 78 110 89
135 0 135 11
2 135 2 146
105 85 105 96
119 64 119 75
29 132 29 143
79 110 79 121
130 38 130 49
59 122 59 133
63 120 63 131
48 127 48 138
125 53 126 58
106 85 106 96
23 134 23 145
129 43 129 54
136 0 136 11
56 124 56 135
134 24 134 35
135 18 135 29
83 108 83 119
111 79 111 90
132 34 132 45
117 70 117 81
70 117 70 128
131 38 131 49
20 135 20 146
101 92 101 103
102 91 102 102
128 48 128 59
108 84 108 95
43 130 43 141
137 0 137 11
116 73 116 84
136 18 136 29
118 70 118 81
133 34 133 45
9 137 9 148
124 59 124 70
121 65 121 76
92 102 92 113
137 12 137 23
45 130 45 141
114 77 114 88
109 84 109 95
71 118 71 129
22 136 22 147
115 76 115 87
73 117 73 128
138 0 138 11
82 111 82 122
86 108 86 119
5 138 5 149
125 59 126 64
122 65 122 76
30 135 30 146
135 30 136 35
19 137 19 148
113 80 113 91
12 138 12 149
42 132 42 143
138 12 138 23
107 88 107 99
53 128 53 139
98 98 98 109
99 97 99 108
64 123 64 134
87 108 87 119
51 129 51 140
134 36 134 47
127 56 127 67
112 82 112 93
46 131 46 142
78 115 78 126
33 135 33 146
139 0 139 11
90 106 90 117
137 24 137 35
123 65 123 76
80 114 80 125
130 50 130 61
100 97 100 108
97 100 97 111
55 128 55 139
95 102 95 113
139 12 139 23
66 123 66 134
27 137 28 142
68 122 68 133
36 135 36 146
132 46 132 57
120 72 120 83
89 108 89 119
37 135 38 140
135 37 135 48
140 0 140 11
1 140 1 151
17 139 17 150
67 123 67 134
77 117 77 128
138 24 139 29
104 94 104 105
131 50 131 61
129 55 129 66
26 138 26 149
140 12 140 23
133 46 133 57
103 96 103 107
74 120 74 131
141 0 141 11
47 133 47 144
6 141 6 152
119 76 119 87
138 30 138 41
128 60 128 71
141 12 141 23
137 36 137 47
88 111 88 122
126 65 126 76
61 128 61 139
91 109 91 120
142 0 142 11
3 142 3 153
140 24 140 35
50 133 50 144
110 90 110 101
139 30 139 41
136 42 136 53
142 12 142 23
93 108 93 119
134 49 134 60
14 142 14 153
57 131 57 142
117 82 117 93
124 71 124 82
105 97 105 108
143 0 143 11
41 137 41 148
141 24 141 35
34 139 34 150
94 108 94 119
60 130 60 141
75 122 75 133
35 139 35 150
121 77 121 88
11 143 11 154
143 12 143 23
111 91 111 102
21 142 21 153
135 49 135 60
69 126 69 137
40 138 40 149
106 97 106 108
118 82 118 93
76 122 76 133
116 85 116 96
144 0 144 11
0 144 0 155
142 24 142 35
130 62 130 73
127 68 127 79
132 58 132 69
138 42 138 53
125 72 125 83
122 77 123 82
65 129 65 140
54 134 54 145
144 12 144 23
108 96 108 107
140 36 140 47
114 89 114 100
52 135 52 146
15 144 15 155
115 88 115 99
84 118 84 129
62 131 62 142
131 62 131 73
101 104 101 115
145 0 145 11
143 24 143 35
72 126 72 137
137 48 137 59
7 145 7 156
139 42 139 53
8 145 8 156
109 96 109 107
79 122 79 133
129 67 129 78
145 12 146 17
49 137 49 148
133 59 133 70
141 36 141 47
27 143 27 154
32 142 32 153
113 92 113 103
37 141 37 152
83 120 83 131
144 24 144 35
24 144 24 155
146 0 146 11
38 141 38 152
4 146 4 157
145 18 145 29
18 145 18 156
25 144 25 155
63 132 63 143
31 143 31 154
136 54 136 65
10 146 10 157
102 105 102 116
107 100 107 111
120 84 120 95
142 36 142 47
92 114 92 125
13 146 13 157
28 144 29 149
70 129 70 140
128 72 128 83
112 95 112 106
147 0 147 11
2 147 2 158
56 136 56 147
146 18 146 29
134 61 134 72
81 123 81 134
143 36 143 47
147 12 148 17
96 112 97 117
122 83 122 94
86 120 86 131
44 141 44 152
23 146 23 157
82 123 82 134
58 136 58 147
85 121 85 132
99 110 99 121
48 140 48 151
148 0 148 11
119 88 119 99
145 30 145 41
71 130 71 141
135 61 135 72
138 54 138 65
87 120 87 131
73 129 73 140
59 136 59 147
147 20 147 31
43 142 43 153
123 83 124 88
95 114 95 125
90 118 90 129
144 36 144 47
104 106 104 117
100 110 100 121
126 79 126 90
45 142 45 153
140 51 142 54
149 0 149 11
78 127 78 138
146 30 146 41
148 18 149 23
139 54 139 65
80 126 80 137
9 149 9 160
89 120 89 131
64 135 64 146
132 70 132 81
149 12 150 17
137 60 137 71
98 113 98 124
130 74 130 85
22 148 22 159
53 140 53 151
148 24 148 35
51 141 51 152
150 0 151 5
42 144 42 155
30 147 30 158
117 94 117 105
5 150 5 161
150 6 151 11
121 89 121 100
19 149 19 160
77 129 77 140
68 134 68 145
66 135 66 146
20 149 20 160
140 55 141 60
55 140 55 151
147 32 147 43
131 74 131 85
12 150 12 161
33 147 33 158
67 135 67 146
143 48 143 59
118 94 118 105
149 24 149 35
145 42 145 53
150 18 150 29
116 97 116 108
88 123 88 134
74 132 74 143
36 147 36 158
105 109 105 120
110 104 110 115
91 121 91 132
111 103 111 114
151 13 151 24
136 67 136 78
133 73 134 78
93 120 93 131
123 89 123 100
146 42 146 53
17 151 17 162
152 0 152 11
1 152 1 163
106 109 106 120
96 118 97 123
26 150 26 161
127 84 128 89
142 55 142 66
114 101 114 112
148 36 148 47
129 81 129 92
115 100 115 111
47 145 47 156
152 12 152 23
28 150 28 161
124 89 125 94
61 140 61 151
140 61 140 72
108 108 108 119
144 51 144 62
150 30 150 41
153 0 153 11
151 25 151 36
6 153 6 164
50 145 50 156
147 44 147 55
153 12 153 23
135 73 135 84
75 134 75 145
141 61 141 72
120 96 120 107
101 116 101 127
16 153 16 164
138 68 138 79
139 66 139 77
152 24 152 35
57 143 57 154
154 0 154 11
3 154 3 165
76 134 76 145
60 142 60 153
69 138 69 149
154 12 155 17
149 41 149 52
145 54 146 59
29 152 29 163
137 72 137 83
84 130 84 141
34 151 34 162
153 24 153 35
107 112 107 123
112 107 112 118
113 106 113 117
155 0 156 5
154 18 156 21
155 6 156 11
102 117 102 128
40 150 40 161
65 141 65 152
132 82 132 93
21 154 21 165
126 91 126 102
119 100 119 111
151 37 151 48
79 134 79 145
134 79 134 90
154 22 154 33
148 48 148 59
72 138 72 149
127 90 127 101
54 146 54 157
62 143 62 154
130 86 130 97
103 117 103 128
52 147 52 158
83 132 83 143
0 156 0 167
92 126 92 137
152 36 153 41
124 95 124 106
143 63 144 68
156 12 157 17
128 90 128 101
155 22 155 33
14 156 15 161
131 86 131 97
96 124 96 135
49 149 49 160
39 152 39 163
145 60 145 71
157 0 157 11
125 95 125 106
99 122 100 127
122 99 122 110
7 157 7 168
63 144 63 155
8 157 8 168
136 79 136 90
104 118 104 129
147 56 147 67
133 84 133 95
27 155 27 166
11 157 11 168
37 153 37 164
70 141 70 152
97 124 97 135
81 135 81 146
86 132 86 143
156 22 156 33
121 101 121 112
38 153 38 164
152 42 154 45
95 126 95 137
24 156 24 167
85 133 85 144
146 60 146 71
46 151 46 162
117 106 117 117
142 69 143 74
140 73 140 84
154 35 155 40
82 135 82 146
25 156 25 167
158 0 158 11
157 18 157 29
4 158 4 169
31 155 31 166
90 130 90 141
56 148 56 159
10 158 10 169
150 51 150 62
158 12 158 23
13 158 13 169
118 106 118 117
151 49 151 60
71 142 71 153
73 141 73 152
141 73 141 84
152 46 153 51
149 55 149 66
98 125 98 136
58 148 58 159
159 1 159 12
2 159 2 170
129 93 129 104
123 101 123 112
116 109 116 120
109 116 109 127
44 153 44 164
78 139 78 150
139 78 139 89
48 152 48 163
80 138 80 149
138 80 138 91
159 13 159 24
156 34 156 45
144 69 144 80
148 60 148 71
158 24 158 35
111 115 111 126
157 30 157 41
43 154 43 165
160 0 160 11
18 159 18 170
105 121 105 132
64 147 64 158
155 41 155 52
94 130 94 141
45 154 45 165
160 12 161 17
114 113 114 124
115 112 115 123
142 75 142 86
135 87 135 98
87 135 87 146
152 52 152 63
154 46 154 57
106 121 106 132
159 25 159 36
161 0 161 11
160 18 160 29
68 146 68 157
66 147 66 158
88 135 89 140
91 133 91 144
9 161 9 172
51 153 51 164
108 120 108 131
93 132 93 143
22 160 22 171
67 147 67 158
42 156 42 167
153 52 153 63
55 152 55 163
145 72 145 83
74 144 74 155
147 68 147 79
134 91 134 102
162 0 162 11
161 18 161 29
132 94 132 105
158 36 158 47
5 162 5 173
19 161 20 166
41 157 41 168
33 159 33 170
100 128 100 139
12 162 12 173
162 12 162 23
157 42 157 53
14 162 14 173
156 46 156 57
150 63 150 74
15 162 15 173
126 103 126 114
30 160 30 171
160 30 160 41
110 120 110 131
146 72 146 83
130 98 130 109
151 61 151 72
127 102 127 113
163 0 163 11
101 128 101 139
159 37 159 48
149 67 149 78
113 118 113 129
99 130 99 141
112 119 112 130
163 12 163 23
131 98 131 109
136 91 136 102
128 102 128 113
162 24 162 35
161 30 161 41
61 152 61 163
107 124 107 135
124 107 124 118
35 160 35 171
140 85 140 96
155 53 155 64
47 157 47 168
17 163 17 174
164 1 164 12
26 162 26 173
75 146 76 151
120 112 120 123
28 162 28 173
102 129 102 140
137 91 137 102
164 13 164 24
125 107 125 118
154 58 154 69
141 85 141 96
50 157 50 168
163 25 163 36
152 64 152 75
122 111 122 122
84 142 84 153
165 0 165 11
1 165 1 176
148 73 148 84
6 165 6 176
69 150 69 161
158 48 158 59
57 155 57 166
133 98 133 109
60 154 60 165
165 12 165 23
121 113 121 124
53 157 53 168
16 165 16 176
143 84 143 95
153 64 153 75
164 25 164 36
160 44 160 55
162 36 162 47
166 0 166 11
79 146 79 157
157 54 157 65
32 163 32 174
117 118 117 129
119 116 119 127
88 141 88 152
83 144 83 155
65 153 65 164
129 105 129 116
161 42 161 53
156 58 156 69
166 12 166 23
96 136 96 147
104 130 104 141
142 87 142 98
29 164 29 175
144 84 145 89
165 24 165 35
89 141 89 152
40 162 40 173
62 155 62 166
54 158 54 169
159 51 159 62
167 0 178 0
167 1 168 6
123 113 123 124
163 37 163 48
167 7 167 18
52 159 52 170
72 151 72 162
21 166 21 177
147 80 147 91
135 99 135 110
34 164 34 175
92 140 92 151
95 138 95 149
116 121 116 132
151 73 151 84
86 144 86 155
166 24 166 35
97 137 98 142
0 168 0 179
19 167 19 178
85 145 85 156
155 65 155 76
167 19 167 30
164 37 164 48
109 128 109 139
168 7 168 18
150 76 150 87
20 167 20 178
63 156 63 167
49 161 49 172
82 147 82 158
146 84 146 95
39 164 39 175
77 150 77 161
149 79 149 90
59 158 59 169
111 127 111 138
165 36 165 47
139 96 139 107
162 48 162 59
169 1 169 12
134 103 134 114
3 169 3 180
168 19 169 24
37 165 37 176
7 169 7 180
154 70 154 81
27 167 27 178
114 125 114 136
8 169 8 180
132 106 132 117
11 169 11 180
46 163 46 174
105 133 105 144
160 56 160 67
56 160 56 171
23 168 23 179
71 154 71 165
169 15 171 18
144 90 144 101
25 168 25 179
168 25 168 36
167 31 167 42
31 167 31 178
152 76 152 87
78 151 78 162
80 150 80 161
170 1 170 12
4 170 4 181
106 133 106 144
158 63 159 68
58 160 58 171
94 142 94 153
10 170 10 181
130 110 130 121
157 66 157 77
161 56 161 67
81 150 81 161
13 170 13 181
126 115 127 120
136 103 137 108
90 145 91 150
166 40 166 51
44 165 44 176
87 147 87 158
76 153 76 164
169 25 169 36
48 164 48 175
156 70 156 81
171 1 171 12
2 171 2 182
170 19 170 30
131 110 131 121
141 97 141 108
164 49 164 60
108 133 108 144
64 159 64 170
163 53 163 64
128 114 128 125
93 144 93 155
140 99 140 110
43 166 43 177
24 170 24 181
153 78 153 89
36 168 36 179
110 132 110 143
165 48 165 59
124 119 124 130
18 171 18 182
45 166 45 177
172 1 172 12
68 158 68 169
168 37 168 48
100 140 100 151
171 19 171 30
66 159 66 170
75 155 75 166
138 103 138 114
103 138 103 149
73 156 74 161
143 96 143 107
113 130 113 141
145 93 145 104
112 131 112 142
158 69 158 80
167 43 167 54
172 13 172 24
67 159 67 170
120 124 120 135
125 119 125 130
133 110 133 121
118 126 118 137
101 140 101 151
51 165 51 176
162 60 162 71
97 143 97 154
170 31 171 36
55 164 55 175
169 37 169 48
173 1 173 12
155 77 155 88
142 99 142 110
99 142 99 153
42 168 42 179
38 169 38 180
9 173 9 184
122 123 122 134
159 69 159 80
98 143 98 154
22 172 22 183
147 92 147 103
173 13 173 24
70 159 70 170
148 91 149 96
172 25 172 36
160 68 160 79
41 169 41 180
150 88 150 99
166 52 166 63
174 1 174 12
102 141 102 152
5 174 5 185
33 171 33 182
129 117 129 128
151 87 151 98
12 174 12 185
174 13 174 24
14 174 15 179
30 172 30 183
107 138 107 149
170 40 170 51
121 126 121 137
126 121 127 126
161 68 161 79
135 111 135 122
173 25 173 36
164 61 165 66
61 164 61 175
168 49 169 54
175 1 175 12
157 78 157 89
47 169 47 180
84 154 84 165
175 13 175 24
163 65 163 76
35 172 35 183
171 40 171 51
152 88 152 99
117 131 117 142
174 25 174 36
90 151 90 162
115 133 115 144
167 55 167 66
17 175 17 186
26 174 26 185
176 1 176 12
104 142 104 153
139 108 139 119
123 126 123 137
69 162 69 173
136 112 137 117
156 82 156 93
28 174 28 185
50 169 50 180
96 148 96 159
57 167 57 178
176 13 176 24
116 133 116 144
88 153 89 158
60 166 60 177
134 115 134 126
172 40 172 51
79 158 79 169
168 55 169 60
175 25 175 36
154 87 154 98
173 37 173 48
148 97 148 108
119 131 119 142
177 1 177 12
1 177 1 188
132 118 132 129
6 177 6 188
164 67 164 78
162 72 162 83
65 165 65 176
109 140 109 151
177 13 177 24
153 90 153 101
95 150 95 161
158 81 158 92
92 152 92 163
73 162 73 173
176 25 176 36
170 52 170 63
111 139 111 150
174 37 174 48
32 175 32 186
166 64 166 75
178 1 178 12
165 67 165 78
74 162 74 173
72 163 72 174
144 105 144 116
141 109 141 120
114 137 114 148
130 122 130 133
54 170 54 181
29 176 29 187
159 81 159 92
178 13 178 24
85 157 85 168
40 174 40 185
140 111 140 122
52 171 53 176
171 52 171 63
177 25 177 36
175 37 175 48
160 80 160 91
126 127 126 138
179 0 179 11
86 157 86 168
105 145 105 156
145 105 145 116
168 62 168 73
143 108 143 119
155 90 155 101
146 104 147 109
34 176 34 187
77 162 77 173
179 12 179 23
63 168 63 179
127 127 127 138
128 126 128 137
138 115 138 126
172 52 172 63
16 179 16 190
178 25 178 36
161 80 161 91
49 173 49 184
173 49 173 60
176 37 176 48
167 67 167 78
59 170 59 181
0 180 0 191
180 0 180 11
19 179 19 190
20 179 21 184
142 111 142 122
163 77 163 88
150 100 150 111
124 131 124 142
180 12 180 23
94 154 94 165
133 122 133 133
14 180 14 191
71 166 71 177
151 99 151 110
179 24 179 35
80 162 80 173
78 163 78 174
136 119 136 130
174 49 174 60
108 145 108 156
177 37 177 48
46 175 46 186
157 90 157 101
181 0 181 11
3 181 3 192
27 179 27 190
125 131 125 142
81 162 81 173
7 181 7 192
8 181 8 192
87 159 87 170
11 181 11 192
120 136 120 147
181 12 181 23
23 180 23 191
113 142 113 153
58 172 58 183
118 138 118 149
82 162 82 173
180 24 180 35
93 156 93 167
112 143 112 154
170 64 170 75
25 180 25 191
88 159 88 170
175 49 175 60
178 37 178 48
56 173 56 184
62 171 62 182
100 152 100 163
152 100 152 111
122 135 122 146
182 0 182 11
164 79 165 84
4 182 4 193
156 94 156 105
10 182 10 193
91 158 91 169
44 177 44 188
182 12 182 23
48 176 48 187
131 127 131 138
13 182 13 193
162 84 162 95
171 64 171 75
179 36 179 47
181 24 181 35
64 171 64 182
176 49 176 60
103 151 103 162
137 121 137 132
146 110 146 121
97 155 97 166
149 106 149 117
183 0 183 11
2 183 2 194
75 167 75 178
99 154 99 165
154 99 154 110
43 178 43 189
66 171 66 182
169 71 169 82
101 153 102 158
158 93 158 104
98 155 98 166
183 12 183 23
172 64 173 69
121 138 121 149
36 180 36 191
180 36 180 47
182 24 182 35
24 182 24 193
168 74 168 85
147 110 147 121
45 178 45 189
139 120 139 131
67 171 68 176
177 49 177 60
148 109 148 120
153 102 153 113
18 183 18 194
184 0 185 5
184 7 186 10
51 177 51 188
159 93 159 104
107 150 107 161
184 11 184 22
174 61 174 72
55 176 55 187
181 36 181 47
160 92 161 97
183 24 183 35
134 127 135 132
178 49 178 60
83 165 83 176
166 81 167 86
164 85 164 96
37 181 37 192
53 177 53 188
70 171 70 182
42 180 42 191
123 138 123 149
38 181 39 186
115 145 115 156
110 149 110 160
9 185 9 196
132 130 132 141
22 184 22 195
179 48 179 59
175 61 175 72
185 11 185 22
184 23 184 34
182 36 182 47
144 117 144 128
155 102 155 113
41 181 41 192
116 145 116 156
172 70 172 81
163 89 163 100
141 121 141 132
104 154 104 165
33 183 33 194
186 0 197 0
186 1 187 6
129 134 130 139
119 143 119 154
84 166 84 177
5 186 5 197
20 185 20 196
90 163 90 174
170 76 170 87
176 61 176 72
180 48 180 59
186 11 186 22
140 123 140 134
12 186 12 197
185 23 185 34
30 184 30 195
183 36 183 47
96 160 96 171
31 184 31 195
173 70 173 81
143 120 143 131
47 181 47 192
109 152 109 163
171 76 171 87
76 171 76 182
187 7 187 18
69 174 69 185
177 61 178 66
157 102 157 113
181 48 181 59
35 184 35 195
184 35 184 46
151 111 151 122
166 87 166 98
186 23 186 34
138 127 138 138
126 139 126 150
160 98 160 109
17 187 17 198
106 155 106 166
50 181 50 192
95 162 95 173
26 186 26 197
57 179 57 190
142 123 142 134
187 19 187 30
188 1 188 12
92 164 92 175
28 186 28 197
61 178 61 189
127 139 128 144
185 35 185 46
167 87 167 98
162 96 162 107
101 159 101 170
150 114 150 125
188 13 188 24
161 98 161 109
65 177 65 188
156 106 156 117
73 174 73 185
174 73 174 84
168 86 168 97
179 60 179 71
133 134 133 145
134 133 135 138
152 112 152 123
136 131 136 142
145 121 145 132
105 157 105 168
189 1 189 12
74 174 74 185
6 189 6 200
21 188 21 199
85 169 85 180
183 48 183 59
114 151 114 162
72 175 72 186
177 67 177 78
124 143 124 154
189 13 189 24
187 31 187 42
68 177 68 188
175 73 175 84
86 169 86 180
188 25 188 36
158 105 158 116
180 60 180 71
154 111 154 122
54 182 54 193
165 94 165 105
184 47 184 58
190 1 190 12
149 118 149 129
182 55 182 66
79 173 79 184
178 67 178 78
29 188 29 199
146 122 146 133
77 174 77 185
129 140 129 151
190 13 190 24
186 41 186 52
176 73 176 84
164 97 164 108
169 88 170 93
159 105 159 116
172 82 172 93
108 157 108 168
111 155 112 160
189 25 189 36
181 60 181 71
94 166 94 177
153 114 153 125
38 187 38 198
118 150 118 161
185 47 185 58
137 133 137 144
89 169 89 180
131 139 131 150
191 1 191 12
113 154 113 165
117 151 117 162
39 187 39 198
122 147 122 158
147 122 147 133
34 188 34 199
130 140 130 151
148 121 148 132
59 182 59 193
125 145 125 156
173 82 173 93
80 174 81 179
191 14 193 17
15 191 15 202
188 37 188 48
71 178 71 189
63 181 63 192
139 132 139 143
163 101 163 112
191 18 191 29
87 171 87 182
19 191 19 202
0 192 0 203
192 1 192 12
93 168 93 179
100 164 100 175
120 150 120 161
187 44 187 55
171 88 171 99
88 171 88 182
82 174 82 185
155 114 155 125
46 187 46 198
183 60 183 71
60 183 60 194
189 37 189 48
32 190 32 201
190 32 190 43
121 150 121 161
127 145 127 156
103 163 103 174
91 170 91 181
192 18 192 29
27 191 27 202
58 184 58 195
179 72 179 83
193 1 193 12
67 181 67 192
3 193 3 204
7 193 8 198
97 167 97 178
62 183 62 194
184 59 184 70
166 99 166 110
56 185 56 196
49 187 49 198
144 129 144 140
191 30 191 41
23 192 23 203
169 94 169 105
186 53 186 64
128 145 128 156
98 167 99 172
174 85 174 96
135 139 135 150
177 79 177 90
141 133 141 144
193 18 193 29
180 72 180 83
132 142 132 153
182 67 182 78
123 150 123 161
194 1 194 12
157 114 157 125
48 188 48 199
4 194 4 205
44 189 44 200
75 179 75 190
167 99 167 110
160 110 160 121
185 59 185 70
170 94 170 105
10 194 10 205
188 49 189 54
192 30 192 41
194 13 194 24
13 194 13 205
140 135 140 146
168 98 168 109
66 183 66 194
25 193 25 204
115 157 116 162
162 108 162 119
178 79 178 90
151 123 151 134
181 72 181 83
43 190 43 201
64 184 64 195
110 161 110 172
195 1 195 12
2 195 2 206
190 44 190 55
187 56 187 67
134 142 134 153
45 190 45 201
193 30 193 41
36 192 36 203
195 13 195 24
24 194 24 205
83 177 83 188
191 42 191 53
156 118 156 129
194 25 194 36
51 189 51 200
18 195 18 206
175 88 176 93
188 55 188 66
55 188 55 199
104 166 104 177
150 126 150 137
70 183 70 194
142 135 143 140
172 94 172 105
52 189 52 200
196 3 196 14
165 106 165 117
112 161 112 172
152 124 152 135
53 189 53 200
111 162 111 173
37 193 37 204
42 192 42 203
102 168 102 179
192 42 192 53
196 15 196 26
195 25 195 36
158 117 158 128
183 72 183 83
107 165 107 176
126 151 126 162
145 133 145 144
90 175 90 186
164 109 164 120
80 180 80 191
96 172 96 183
197 1 197 12
186 65 186 76
154 123 154 134
189 56 189 67
184 71 185 76
22 196 22 207
41 193 41 204
136 143 136 154
81 180 81 191
159 117 159 128
197 13 197 24
133 146 133 157
14 197 14 208
193 42 194 47
84 179 84 190
179 84 179 95
196 27 197 32
198 0 198 11
1 198 1 209
20 197 20 208
5 198 5 209
76 183 76 194
146 134 146 145
153 126 153 137
95 174 95 185
30 196 30 207
163 113 163 124
12 198 12 209
198 12 199 17
190 57 190 68
69 186 69 197
182 79 182 90
191 54 191 65
124 155 124 166
92 176 92 187
101 171 101 182
119 159 119 170
171 101 171 112
180 84 180 95
47 193 47 204
175 94 175 105
196 33 198 36
98 173 98 184
173 98 173 109
193 48 193 59
147 134 147 145
114 163 114 174
78 183 78 194
105 169 105 180
148 133 148 144
177 91 177 102
40 195 40 206
195 40 195 51
35 196 35 207
198 21 199 26
7 199 7 210
8 199 8 210
174 97 174 108
187 69 187 80
99 173 99 184
57 191 57 202
129 152 129 163
50 193 50 204
109 167 109 178
192 54 192 65
137 145 137 156
169 106 170 111
176 94 176 105
181 84 181 95
61 190 61 201
188 67 188 78
161 118 161 129
16 199 16 210
166 111 167 116
26 198 26 209
17 199 17 210
73 186 73 197
194 48 194 59
65 189 65 200
131 151 131 162
85 181 85 192
28 198 28 209
130 152 130 163
196 40 196 51
116 163 116 174
142 141 142 152
139 144 139 155
74 186 74 197
72 187 72 198
185 77 185 88
155 127 155 138
86 181 86 192
122 159 122 170
118 162 118 173
197 37 197 48
108 169 108 180
117 163 117 174
125 157 125 168
168 110 168 121
113 166 113 177
199 27 199 38
143 141 143 152
68 189 68 200
189 68 189 79
149 135 149 146
21 200 21 211
79 185 79 196
160 122 160 133
11 201 11 212
186 77 186 88
183 84 183 95
54 194 54 205
31 199 31 210
184 82 184 93
144 141 144 152
89 181 89 192
198 39 198 50
195 52 195 63
127 157 127 168
157 127 157 138
172 106 172 117
106 172 106 183
191 66 192 71
29 200 29 211
193 60 193 71
190 69 190 80
162 121 162 132
120 163 120 174
151 135 151 146
135 151 135 162
128 157 128 168
38 199 38 210
93 180 94 185
87 183 88 188
33 200 34 205
169 112 169 123
115 167 115 178
196 52 196 63
39 199 39 210
199 39 199 50
71 190 71 201
165 118 165 129
140 147 141 152
197 49 197 60
103 175 103 186
194 60 194 71
156 130 156 141
179 96 179 107
82 186 82 197
100 177 100 188
123 162 123 173
182 91 182 102
15 203 15 214
170 112 170 123
97 179 97 190
59 195 60 200
187 81 187 92
164 121 164 132
121 164 121 175
138 150 138 161
19 203 19 214
167 117 167 128
188 79 188 90
152 136 152 147
158 129 158 140
180 96 180 107
0 204 0 215
77 189 77 200
191 72 191 83
134 154 134 165
178 100 178 111
46 199 46 210
67 193 67 204
58 196 58 207
198 51 198 62
32 202 32 213
175 106 175 117
62 195 62 206
159 129 159 140
177 103 177 114
27 203 27 214
154 135 154 146
181 96 181 107
171 113 171 124
110 173 110 184
3 205 3 216
192 72 192 83
145 145 145 156
9 205 9 216
75 191 75 202
189 80 189 91
195 64 195 75
23 204 23 215
185 89 185 100
174 109 174 120
163 125 163 136
48 200 48 211
44 201 44 212
63 196 63 207
132 158 133 163
193 72 194 77
166 122 166 133
126 163 126 174
4 206 4 217
153 138 153 149
112 173 112 184
104 178 104 189
196 64 196 75
64 196 64 207
136 155 136 166
197 61 197 72
10 206 10 217
111 174 111 185
13 206 13 217
83 189 83 200
146 146 146 157
25 205 25 216
43 202 43 213
184 94 184 105
183 96 183 107
107 177 107 188
102 180 102 191
161 130 161 141
190 82 190 93
45 202 45 213
2 207 2 218
91 186 91 197
36 204 36 215
70 195 70 206
173 114 173 125
148 145 148 156
51 201 51 212
140 153 140 164
24 206 24 217
186 92 186 103
90 187 90 198
199 59 199 70
52 201 53 206
168 122 168 133
18 207 18 218
198 63 198 74
80 192 80 203
124 167 124 178
87 189 87 200
141 153 141 164
193 78 193 89
155 139 155 150
37 205 37 216
137 157 137 168
81 192 81 203
94 186 94 197
172 118 172 129
129 164 129 175
191 84 192 89
160 134 160 145
142 153 142 164
34 206 34 217
93 187 93 198
114 175 114 186
95 186 95 197
188 91 188 102
139 156 139 167
179 108 179 119
41 205 42 210
194 78 194 89
131 163 131 174
182 103 182 114
119 172 119 183
22 208 22 219
105 181 105 192
130 164 130 175
76 195 76 206
195 76 195 87
92 188 92 199
147 149 147 160
149 147 149 158
150 146 150 157
98 185 98 196
88 190 88 201
143 153 143 164
109 179 109 190
162 133 162 144
169 124 169 135
69 198 69 209
157 139 157 150
176 114 176 125
187 95 187 106
60 201 60 212
180 108 180 119
20 209 20 220
116 175 116 186
1 210 1 221
78 195 78 206
165 130 165 141
5 210 5 221
122 171 122 182
30 208 30 219
196 76 196 87
118 174 118 185
178 112 178 123
12 210 12 221
170 124 170 135
33 208 33 219
66 200 66 211
189 93 189 104
181 108 181 119
108 181 108 192
185 101 185 112
40 207 40 218
113 178 113 189
85 193 85 204
35 208 35 219
156 142 156 153
61 202 61 213
50 205 50 216
73 198 73 209
175 118 175 129
177 115 177 126
6 211 6 222
7 211 7 222
191 90 191 101
8 211 8 222
164 133 164 144
197 76 197 87
133 164 133 175
65 201 65 212
55 204 55 215
86 193 86 204
74 198 74 209
127 169 127 180
56 204 56 215
26 210 26 221
16 211 16 222
72 199 72 210
167 130 167 141
135 163 135 174
101 186 101 197
158 141 158 152
171 125 171 136
28 210 28 221
174 121 174 132
190 94 190 105
120 175 120 186
79 197 79 208
184 106 184 117
106 184 106 195
14 212 14 223
99 188 99 199
183 108 183 119
89 193 89 204
49 207 49 218
115 179 115 190
198 78 198 89
138 162 138 173
154 147 154 158
163 137 163 148
193 90 193 101
54 206 54 217
21 212 21 223
123 174 123 185
186 104 186 115
47 208 47 219
31 211 31 222
11 213 11 224
166 134 166 145
52 207 52 218
121 176 121 187
17 213 17 224
53 207 53 218
192 94 192 105
100 189 100 200
194 90 194 101
195 88 195 99
29 212 29 223
173 126 173 137
97 191 97 202
153 150 153 161
82 198 82 209
188 103 188 114
38 211 38 222
132 169 132 180
145 158 146 163
161 142 161 153
196 88 196 99
168 134 168 145
41 211 41 222
152 152 152 163
68 204 68 215
125 175 125 186
110 185 110 196
199 82 199 93
77 201 77 212
182 115 182 126
136 167 136 178
187 107 187 118
179 120 180 125
15 215 15 226
172 130 172 141
67 205 67 216
197 88 197 99
148 157 148 168
19 215 19 226
58 208 58 219
46 211 46 222
144 161 144 172
62 207 62 218
189 105 189 116
112 185 112 196
32 214 32 225
140 165 140 176
155 151 155 162
75 203 75 214
176 126 176 137
126 176 126 187
191 102 191 113
159 147 160 152
104 190 104 201
111 186 111 197
27 215 27 226
185 113 185 124
169 136 169 147
178 124 178 135
71 205 71 216
0 217 0 228
3 217 3 228
141 165 141 176
181 120 181 131
9 217 9 228
23 216 23 227
134 171 134 182
63 208 63 219
96 195 96 206
48 212 48 223
102 192 103 197
162 145 162 156
83 201 84 206
198 90 198 101
44 213 44 224
137 169 137 180
165 142 165 153
142 165 142 176
170 136 170 147
124 179 124 190
157 151 157 162
151 157 151 168
177 127 177 138
149 159 149 170
91 198 91 209
175 130 175 141
147 161 147 172
4 218 4 229
139 168 139 179
59 210 59 221
129 176 129 187
10 218 10 229
193 102 193 113
143 165 143 176
13 218 13 229
90 199 90 210
25 217 25 228
184 118 184 129
45 214 45 225
130 176 130 187
183 120 183 131
117 185 117 196
145 164 145 175
164 145 164 156
107 191 107 202
174 133 174 144
2 219 2 230
114 187 114 198
87 201 87 212
51 213 51 224
190 109 190 120
80 204 81 209
119 184 119 195
195 100 195 111
94 198 94 209
194 102 194 113
186 116 186 127
167 142 167 153
128 178 128 189
179 127 179 138
64 210 64 221
146 164 146 175
95 198 95 209
93 199 93 210
105 193 105 204
180 126 180 137
18 219 18 230
109 191 109 202
158 153 158 164
122 183 122 194
36 217 37 222
196 100 197 105
116 187 116 198
92 200 92 211
192 108 192 119
188 115 188 126
57 213 57 224
76 207 76 218
133 176 133 187
159 153 159 164
163 149 163 160
135 175 135 186
69 210 69 221
166 146 166 157
22 220 22 231
127 181 127 192
108 193 108 204
43 217 43 228
60 213 60 224
173 138 173 149
154 159 154 170
199 97 199 108
187 119 187 130
20 221 20 232
85 205 85 216
1 222 1 233
30 220 30 231
5 222 5 233
138 174 138 185
78 208 78 219
120 187 120 198
101 198 101 209
189 117 189 128
86 205 86 216
12 222 12 233
73 210 73 221
33 220 33 231
182 128 182 139
168 146 168 157
34 220 35 225
131 180 131 191
50 217 50 228
65 213 66 218
98 200 98 211
198 102 198 113
102 198 102 209
161 154 161 165
106 196 106 207
196 106 196 117
153 162 153 173
55 216 55 227
72 211 72 222
191 115 191 126
123 186 123 197
83 207 83 218
172 142 172 153
88 205 89 210
56 216 56 227
99 200 99 211
103 198 103 209
185 125 185 136
84 207 84 218
39 220 39 231
79 209 79 220
160 156 160 167
156 160 156 171
26 222 26 233
121 188 121 199
152 164 152 175
176 138 176 149
197 106 197 117
181 132 181 143
132 181 132 192
193 114 193 125
171 145 171 156
14 224 14 235
100 201 100 212
54 218 54 229
169 148 169 159
148 169 148 180
80 210 81 215
28 223 28 234
136 179 136 190
195 112 195 123
155 163 155 174
125 187 125 198
42 221 42 232
47 220 47 231
21 224 21 235
97 203 97 214
194 114 194 125
177 139 177 150
144 173 144 184
52 219 52 230
31 223 31 234
11 225 11 236
184 130 184 141
53 219 53 230
175 142 175 153
49 220 49 231
170 148 170 159
162 157 162 168
110 197 110 208
140 177 140 188
186 128 186 139
29 224 29 235
150 169 150 180
37 223 37 234
6 226 6 237
7 226 7 237
183 133 183 144
141 177 141 188
192 120 192 131
68 216 68 227
174 145 174 156
179 139 179 150
17 226 17 237
41 223 41 234
180 138 180 149
134 183 134 194
188 127 188 138
142 177 142 188
111 198 111 209
137 181 137 192
147 173 147 184
164 157 164 168
70 216 70 227
67 217 67 228
167 154 167 165
104 202 104 213
74 215 75 220
139 180 139 191
190 125 190 136
112 198 113 203
15 227 15 238
58 220 58 231
62 219 62 230
46 223 46 234
124 191 124 202
165 157 165 168
19 227 19 238
129 188 130 193
145 176 145 187
96 207 96 218
82 213 82 224
32 226 32 237
187 131 187 142
65 219 65 230
158 165 158 176
198 114 199 119
27 227 27 238
88 211 88 222
66 219 66 230
196 118 196 129
118 196 119 201
189 129 189 140
91 210 91 221
0 229 0 240
89 211 89 222
3 229 3 240
48 224 48 235
128 190 128 201
163 161 163 172
117 197 117 208
159 165 159 176
23 228 23 239
166 158 166 169
24 228 24 239
44 225 44 236
71 218 71 229
77 216 77 227
114 199 114 210
191 127 191 138
90 211 90 222
107 203 107 214
178 145 178 156
182 140 182 151
197 118 197 129
149 175 149 186
115 199 116 204
122 195 122 206
94 210 94 221
87 213 87 224
154 171 154 182
8 230 8 241
9 230 10 235
185 137 185 148
61 222 61 233
133 188 133 199
105 205 105 216
13 230 13 241
45 226 45 237
95 210 95 221
193 126 193 137
40 227 40 238
16 230 16 241
93 211 93 222
168 158 168 169
135 187 135 198
81 216 81 227
51 225 51 236
172 154 172 165
2 231 2 242
64 222 64 233
195 124 195 135
92 212 92 223
176 150 176 161
161 166 161 177
181 144 181 155
194 126 194 137
34 229 34 240
35 229 35 240
18 231 18 242
108 205 108 216
76 219 76 230
36 229 36 240
160 168 160 179
198 121 198 132
57 225 57 236
157 171 157 182
171 157 171 168
109 205 109 216
156 172 156 183
80 218 80 229
173 155 173 166
199 120 199 131
120 199 120 210
184 142 184 153
131 192 131 203
69 222 69 233
59 225 60 230
177 151 177 162
112 204 112 215
169 160 169 171
186 140 186 151
129 194 129 205
192 132 192 143
101 210 101 221
22 232 22 243
85 217 85 228
74 221 75 226
123 198 123 209
175 154 175 165
78 220 78 231
170 160 170 171
102 210 102 221
183 145 183 156
130 194 130 205
127 196 127 207
98 212 98 223
73 222 73 233
155 175 155 186
188 139 188 150
132 193 132 204
126 197 126 208
20 233 20 244
30 232 30 243
118 202 118 213
99 212 99 223
1 234 1 245
5 234 5 245
162 169 162 180
151 179 151 190
179 151 179 162
83 219 83 230
190 137 190 148
180 150 180 161
12 234 12 245
72 223 72 234
33 232 33 243
25 233 25 244
174 157 174 168
50 229 50 240
144 185 144 196
119 202 119 213
136 191 136 202
55 228 56 233
121 201 121 212
143 186 143 197
79 221 79 232
152 179 152 190
43 231 43 242
125 199 125 210
115 205 115 216
150 181 150 192
38 232 38 243
196 130 196 141
39 232 39 243
187 143 187 154
26 234 26 245
167 166 167 177
153 179 153 190
164 169 164 180
146 185 146 196
141 189 141 200
97 215 97 226
197 130 197 141
148 184 148 195
9 236 10 241
110 209 110 220
165 169 165 180
86 220 86 231
191 139 191 150
147 185 147 196
142 189 142 200
14 236 14 247
134 195 134 206
28 235 28 246
42 233 42 244
52 231 53 236
106 212 106 223
139 192 139 203
31 235 31 246
49 232 49 243
182 152 182 163
11 237 11 248
193 138 193 149
158 177 158 188
178 157 178 168
145 188 145 199
185 149 185 160
166 170 166 181
140 192 140 203
163 173 163 184
195 136 195 147
29 236 29 247
37 235 37 246
159 177 159 188
104 214 104 225
100 216 100 227
6 238 6 249
7 238 7 249
116 208 116 219
59 231 59 242
63 230 63 241
198 133 198 144
41 235 41 246
67 229 67 240
17 238 17 249
60 231 60 242
74 227 74 238
181 156 181 167
168 170 168 181
149 187 149 198
96 219 96 230
58 232 58 243
128 202 128 213
62 231 62 242
176 162 176 173
46 235 46 246
82 225 82 236
117 209 117 220
124 205 124 216
172 167 173 172
88 223 88 234
114 211 114 222
199 134 199 145
91 222 91 233
184 154 184 165
65 231 65 242
192 144 192 155
161 178 161 189
32 238 32 249
54 234 54 245
107 215 107 226
133 200 133 211
111 213 111 224
186 152 186 163
66 231 66 242
122 207 122 218
55 234 55 245
171 169 171 180
56 234 56 245
47 236 48 241
77 228 77 239
71 230 71 241
44 237 44 248
105 217 105 228
94 222 94 233
23 240 24 245
103 218 103 229
183 157 183 168
157 183 157 194
169 172 169 183
188 151 188 162
175 166 175 177
156 184 156 195
87 225 87 236
135 200 135 211
138 198 138 209
190 149 190 160
95 222 95 233
160 181 160 192
68 232 68 243
61 234 61 245
170 172 170 183
189 151 189 162
113 214 113 225
179 163 179 174
8 242 9 247
180 162 180 173
90 225 90 236
108 217 108 228
51 237 51 248
174 169 174 180
196 143 197 148
120 211 120 222
155 187 155 198
187 155 187 166
162 181 162 192
2 243 3 248
129 206 129 217
76 231 76 242
137 201 137 212
131 205 132 210
112 216 112 227
34 241 35 246
151 191 151 202
80 230 81 235
130 206 130 217
52 238 53 243
127 208 127 219
57 237 57 248
84 229 84 240
172 173 172 184
69 234 70 239
144 197 144 208
126 209 126 220
167 178 167 189
152 191 152 202
143 198 143 209
164 181 164 192
85 229 85 240
102 222 102 233
136 203 136 214
118 214 118 225
93 226 93 237
150 193 150 204
193 150 193 161
98 224 98 235
194 149 194 160
109 219 109 230
153 191 153 202
191 153 191 164
78 232 78 243
195 148 195 159
101 223 101 234
99 224 99 235
21 244 22 249
165 181 165 192
121 213 121 224
182 164 182 175
123 212 123 223
73 234 73 245
146 197 146 208
185 161 185 172
178 169 178 180
83 231 83 242
64 237 64 248
141 201 141 212
115 217 115 228
72 235 72 246
147 197 147 208
198 146 198 157
79 233 79 244
154 192 154 203
196 149 196 160
166 182 166 193
158 189 158 200
163 185 163 196
134 207 134 218
75 235 75 246
199 146 199 157
139 204 139 215
97 227 97 238
110 221 110 232
38 244 39 249
181 168 181 179
159 189 159 200
197 149 197 160
145 200 145 211
24 246 26 249
192 156 192 167
140 204 140 215
86 232 86 243
176 174 176 185
168 182 168 193
92 230 92 241
184 166 184 177
106 224 106 235
125 214 125 225
186 164 186 175
177 174 177 185
131 211 131 222
47 244 49 247
89 232 89 243
149 199 149 210
104 226 104 237
188 163 189 168
132 211 132 222
100 228 100 239
171 181 171 192
190 161 190 172
161 190 161 201
183 169 183 180
80 236 80 247
128 214 128 225
52 244 53 249
69 240 70 245
169 184 169 195
59 243 60 248
117 221 117 232
96 231 96 242
133 212 133 223
179 175 179 186
157 195 157 206
180 174 180 185
173 181 175 184
148 202 148 213
81 237 82 242
156 196 156 207
170 184 170 195
122 219 122 230
160 193 160 204
62 243 63 248
111 225 111 236
88 235 88 246
107 227 107 238
138 210 138 221
135 212 135 223
187 168 187 179
65 243 66 248
54 246 56 249
105 229 105 240
162 193 162 204
193 162 193 173
91 235 91 246
103 230 103 241
45 248 50 249
194 161 194 172
94 234 94 245
155 199 155 210
191 165 191 176
87 237 87 248
95 234 95 245
172 185 172 196
113 226 113 237
119 223 119 234
188 169 188 180
167 190 167 201
151 203 151 214
67 244 68 249
137 213 137 224
164 193 164 204
173 185 174 190
185 173 185 184
129 218 129 229
198 158 198 169
90 237 90 248
189 169 189 180
152 203 152 214
130 218 130 229
178 181 178 192
165 193 165 204
150 205 150 216
112 228 112 239
127 220 127 231
116 226 116 237
143 210 143 221
108 230 108 241
199 158 199 169
153 203 153 214
124 222 124 233
196 162 196 173
142 211 142 222
126 221 126 232
136 215 136 226
197 161 197 172
76 243 77 248
175 185 175 196
146 209 146 220
192 168 192 179
84 241 85 246
102 234 102 245
181 180 181 191
166 194 166 205
109 231 109 242
141 213 141 224
121 225 121 236
69 246 71 249
98 236 98 247
123 224 123 235
154 204 154 215
158 201 158 212
163 197 163 208
101 235 101 246
114 229 114 240
176 186 176 197
186 176 186 187
81 243 82 248
159 201 159 212
168 194 168 205
134 219 134 230
177 186 177 197
145 212 145 223
139 216 140 221
190 173 190 184
72 247 75 249
183 181 183 192
184 180 184 191
99 238 99 249
171 193 171 204
125 226 125 237
149 211 149 222
161 202 161 213
174 191 174 202
118 230 118 241
110 234 110 245
131 223 131 234
195 170 195 181
106 236 106 247
144 215 144 226
169 196 169 207
182 184 182 195
180 186 180 197
179 187 179 198
132 223 132 234
170 196 170 207
147 214 148 219
104 238 104 249
157 207 157 218
193 174 193 185
194 173 194 184
160 205 160 216
187 181 188 186
133 224 133 235
83 247 86 249
117 233 117 244
198 170 198 181
120 232 120 243
122 231 122 242
96 243 97 248
138 222 138 233
172 197 172 208
135 224 135 235
185 185 185 196
189 181 189 192
111 237 111 248
199 170 199 181
155 211 155 222
196 174 196 185
167 202 167 213
140 222 140 233
164 205 164 216
178 193 178 204
151 215 151 226
93 246 95 249
165 205 165 216
192 180 192 191
128 230 128 241
152 215 152 226
137 225 137 236
113 238 113 249
175 197 175 208
197 175 197 186
129 230 129 241
150 217 150 228
153 215 153 226
130 230 130 241
115 238 115 249
142 223 142 234
186 188 186 199
139 225 139 236
127 232 127 243
166 206 166 217
147 220 148 225
136 227 136 238
146 221 146 232
126 233 126 244
176 198 176 209
163 209 163 220
188 187 188 198
190 185 190 196
119 237 119 248
158 213 158 224
154 216 154 227
181 194 181 205
141 225 141 236
159 213 159 224
168 206 168 217
108 243 109 248
184 192 184 203
183 193 183 204
121 237 121 248
123 236 123 247
156 216 156 227
173 203 173 214
195 182 195 193
145 224 145 235
171 205 171 216
134 231 134 242
187 191 187 202
174 203 174 214
182 196 182 207
179 199 179 210
169 208 169 219
193 186 193 197
149 223 149 234
162 214 162 225
170 208 170 219
194 186 194 197
198 182 198 193
131 235 131 246
191 190 191 201
147 226 148 231
160 217 160 228
180 201 180 212
189 193 189 204
196 186 196 197
185 197 185 208
132 236 133 241
172 209 172 220
116 245 118 248
167 214 167 225
178 205 178 216
192 192 192 203
155 223 155 234
177 206 177 217
197 187 197 198
138 234 138 245
143 231 143 242
161 219 161 230
135 236 135 247
124 242 125 247
164 217 164 228
199 186 199 197
175 209 175 220
151 227 151 238
186 200 186 211
165 218 166 223
140 235 140 246
190 197 190 208
128 242 129 247
176 210 176 221
152 228 154 231
181 206 181 217
142 235 142 246
163 221 163 232
147 232 148 237
184 204 184 215
139 237 139 248
144 234 144 245
183 205 183 216
158 225 158 236
146 233 146 244
195 194 195 205
168 218 168 229
132 242 133 247
141 237 141 248
136 240 137 245
173 215 174 220
157 227 157 238
187 203 187 214
156 228 156 239
171 217 171 228
182 208 182 219
193 198 193 209
179 211 179 222
145 236 145 247
198 194 198 205
152 232 152 243
169 220 169 231
153 232 153 243
191 202 191 213
165 224 165 235
149 235 149 246
154 232 154 243
196 198 196 209
166 224 166 235
189 205 189 216
180 213 180 224
185 209 185 220
170 222 170 233
150 236 150 247
172 221 172 232
192 204 192 215
148 238 148 249
131 248 136 249
173 221 175 224
178 217 178 228
199 198 199 209
177 218 177 229
160 231 160 242
167 226 167 237
162 230 162 241
155 235 155 246
194 204 194 215
161 231 161 242
164 229 164 240
188 210 188 221
186 212 186 223
159 233 159 244
190 209 190 220
176 222 176 233
181 218 181 229
197 204 197 215
195 206 195 217
184 216 184 227
183 217 183 228
163 233 163 244
174 225 174 236
173 226 173 237
168 230 168 241
158 237 158 248
187 215 187 226
175 225 175 236
193 210 193 221
182 220 182 231
198 206 198 217
171 229 171 240
179 223 179 234
156 240 157 245
191 214 191 225
151 244 152 249
196 210 196 221
189 217 189 228
165 236 165 247
153 244 154 249
180 225 180 236
185 221 185 232
169 234 170 239
192 216 192 227
199 210 199 221
166 237 166 248
172 233 172 244
178 229 178 240
177 230 177 241
167 238 167 249
188 222 188 233
160 243 161 248
186 224 186 235
190 221 190 232
194 218 194 229
197 216 197 227
195 218 195 229
181 230 181 241
176 234 176 245
184 228 184 239
183 229 183 240
169 240 170 245
174 237 174 248
187 227 187 238
193 222 193 233
173 238 173 249
198 218 198 229
182 232 182 243
179 235 179 246
175 238 175 249
191 226 191 237
196 222 196 233
189 229 189 240
185 233 185 244
180 237 180 248
168 246 170 249
192 228 192 239
199 222 199 233
188 234 188 245
186 236 186 247
190 233 190 244
194 230 194 241
197 228 197 239
193 234 193 245
198 230 198 241
181 244 182 249
196 234 196 245
191 240 192 245
199 234 199 245
195 238 195 249
190 246 192 249
